


ARM Macro Assembler    Page 1 


    1 00000000         ; Initialize Stack Size
    2 00000000         ; Equ 400 hex (1024) bytes
    3 00000000 00000400 
                       Stack_Size
                               EQU              0x00000400
    4 00000000         
    5 00000000         ; Area STACK (NOINIT and READ/WRITE)
    6 00000000                 AREA             STACK, NOINIT, READWRITE, ALIGN
=4
    7 00000000         ; Initialize memory equals Stack_Size
    8 00000000         Stack_Mem
                               SPACE            Stack_Size
    9 00000400         __initial_sp
   10 00000400         
   11 00000400         ; Vector Table Mapped to Address 0 at Reset
   12 00000400                 AREA             RESET, DATA, READONLY
   13 00000000                 EXPORT           __Vectors
   14 00000000                 EXPORT           Reset_Handler             [WEAK
]
   15 00000000         __Vectors
   16 00000000 00000000        DCD              __initial_sp ; Top of Stack
   17 00000004 00000000        DCD              Reset_Handler ; Reset Handler
   18 00000008         __Vectors_End
   19 00000008         
   20 00000008                 AREA             |.text| , CODE, READONLY
   21 00000000                 EXTERN           main
   22 00000000         Reset_Handler
                               PROC
   23 00000000         
   24 00000000 F7FF BFFE       B                main
   25 00000004         
   26 00000004                 ENDP
   27 00000004         
   28 00000004                 END
Command Line: --debug --xref --diag_suppress=9931 --cpu=Cortex-M4.fp.sp --apcs=
interwork --depend=.\startup.d -o.\startup.o -IC:\Users\aleks\AppData\Local\Arm
\Packs\Keil\STM32F4xx_DFP\2.15.0\Drivers\CMSIS\Device\ST\STM32F4xx\Include -IC:
\Keil_v5\ARM\CMSIS\Include --predefine="__EVAL SETA 1" --predefine="__UVISION_V
ERSION SETA 533" --predefine="STM32F407xx SETA 1" --list=.\startup.lst Source\s
tartup.s



ARM Macro Assembler    Page 1 Alphabetic symbol ordering
Relocatable symbols

STACK 00000000

Symbol: STACK
   Definitions
      At line 6 in file Source\startup.s
   Uses
      None
Comment: STACK unused
Stack_Mem 00000000

Symbol: Stack_Mem
   Definitions
      At line 8 in file Source\startup.s
   Uses
      None
Comment: Stack_Mem unused
__initial_sp 00000400

Symbol: __initial_sp
   Definitions
      At line 9 in file Source\startup.s
   Uses
      At line 16 in file Source\startup.s
Comment: __initial_sp used once
3 symbols



ARM Macro Assembler    Page 1 Alphabetic symbol ordering
Relocatable symbols

RESET 00000000

Symbol: RESET
   Definitions
      At line 12 in file Source\startup.s
   Uses
      None
Comment: RESET unused
__Vectors 00000000

Symbol: __Vectors
   Definitions
      At line 15 in file Source\startup.s
   Uses
      At line 13 in file Source\startup.s
Comment: __Vectors used once
__Vectors_End 00000008

Symbol: __Vectors_End
   Definitions
      At line 18 in file Source\startup.s
   Uses
      None
Comment: __Vectors_End unused
3 symbols



ARM Macro Assembler    Page 1 Alphabetic symbol ordering
Relocatable symbols

.text 00000000

Symbol: .text
   Definitions
      At line 20 in file Source\startup.s
   Uses
      None
Comment: .text unused
Reset_Handler 00000000

Symbol: Reset_Handler
   Definitions
      At line 22 in file Source\startup.s
   Uses
      At line 14 in file Source\startup.s
      At line 17 in file Source\startup.s

2 symbols



ARM Macro Assembler    Page 1 Alphabetic symbol ordering
Absolute symbols

Stack_Size 00000400

Symbol: Stack_Size
   Definitions
      At line 3 in file Source\startup.s
   Uses
      At line 8 in file Source\startup.s
Comment: Stack_Size used once
1 symbol



ARM Macro Assembler    Page 1 Alphabetic symbol ordering
External symbols

main 00000000

Symbol: main
   Definitions
      At line 21 in file Source\startup.s
   Uses
      At line 24 in file Source\startup.s
Comment: main used once
1 symbol
344 symbols in table
